RUN	de.qaware.cloud.nativ.zwitscher.gatling.BasicSimulation	basicsimulation	1548436023405	 	3.0.3
USER	BasicSimulation	1	START	1548436024882	1548436024882
USER	BasicSimulation	2	START	1548436024912	1548436024912
USER	BasicSimulation	3	START	1548436024914	1548436024914
USER	BasicSimulation	4	START	1548436024915	1548436024915
USER	BasicSimulation	5	START	1548436024917	1548436024917
USER	BasicSimulation	6	START	1548436024919	1548436024919
USER	BasicSimulation	7	START	1548436024921	1548436024921
USER	BasicSimulation	8	START	1548436024922	1548436024922
USER	BasicSimulation	9	START	1548436024924	1548436024924
USER	BasicSimulation	10	START	1548436024926	1548436024926
REQUEST	4		request_1	1548436024916	1548436025007	OK	 
REQUEST	5		request_1	1548436024919	1548436025035	OK	 
REQUEST	7		request_1	1548436024921	1548436025111	OK	 
REQUEST	10		request_1	1548436024926	1548436025126	OK	 
REQUEST	6		request_1	1548436024920	1548436025142	OK	 
REQUEST	1		request_1	1548436024910	1548436025204	OK	 
REQUEST	3		request_1	1548436024914	1548436025222	OK	 
REQUEST	8		request_1	1548436024922	1548436025283	OK	 
REQUEST	9		request_1	1548436024925	1548436025347	OK	 
REQUEST	2		request_1	1548436024913	1548436025407	OK	 
REQUEST	4		request_2	1548436030030	1548436030848	OK	 
REQUEST	5		request_2	1548436030059	1548436030877	OK	 
REQUEST	10		request_2	1548436030140	1548436030935	OK	 
REQUEST	7		request_2	1548436030137	1548436030968	OK	 
REQUEST	6		request_2	1548436030169	1548436030986	OK	 
USER	BasicSimulation	4	END	1548436024915	1548436035844
USER	BasicSimulation	5	END	1548436024917	1548436035871
USER	BasicSimulation	10	END	1548436024926	1548436035948
USER	BasicSimulation	7	END	1548436024921	1548436035979
USER	BasicSimulation	6	END	1548436024919	1548436035995
REQUEST	1		request_2	1548436030219	1548436060264	KO	status.find.in(200,201,202,203,204,205,206,207,208,209,304), found 500
REQUEST	3		request_2	1548436030246	1548436060303	KO	status.find.in(200,201,202,203,204,205,206,207,208,209,304), found 500
REQUEST	8		request_2	1548436030308	1548436060350	KO	status.find.in(200,201,202,203,204,205,206,207,208,209,304), found 500
REQUEST	9		request_2	1548436030359	1548436060383	KO	status.find.in(200,201,202,203,204,205,206,207,208,209,304), found 500
REQUEST	2		request_2	1548436030419	1548436060452	KO	status.find.in(200,201,202,203,204,205,206,207,208,209,304), found 500
USER	BasicSimulation	1	END	1548436024882	1548436065262
USER	BasicSimulation	3	END	1548436024914	1548436065293
USER	BasicSimulation	8	END	1548436024922	1548436065339
USER	BasicSimulation	9	END	1548436024924	1548436065386
USER	BasicSimulation	2	END	1548436024912	1548436065465
