RUN	de.qaware.cloud.nativ.zwitscher.gatling.BasicSimulation	basicsimulation	1548435965687	 	3.0.3
USER	BasicSimulation	1	START	1548435967162	1548435967162
USER	BasicSimulation	2	START	1548435967196	1548435967196
USER	BasicSimulation	3	START	1548435967197	1548435967197
USER	BasicSimulation	4	START	1548435967198	1548435967198
USER	BasicSimulation	5	START	1548435967200	1548435967200
USER	BasicSimulation	6	START	1548435967202	1548435967202
USER	BasicSimulation	7	START	1548435967203	1548435967203
USER	BasicSimulation	8	START	1548435967205	1548435967205
USER	BasicSimulation	9	START	1548435967206	1548435967206
USER	BasicSimulation	10	START	1548435967208	1548435967208
REQUEST	4		request_1	1548435967199	1548435967391	OK	 
REQUEST	9		request_1	1548435967206	1548435967358	OK	 
REQUEST	5		request_1	1548435967201	1548435967459	OK	 
REQUEST	10		request_1	1548435967210	1548435967586	OK	 
REQUEST	8		request_1	1548435967205	1548435967598	OK	 
REQUEST	7		request_1	1548435967204	1548435967608	OK	 
REQUEST	2		request_1	1548435967197	1548435967632	OK	 
REQUEST	9		request_2	1548435972377	1548435972415	KO	status.find.in(200,201,202,203,204,205,206,207,208,209,304), found 400
REQUEST	4		request_2	1548435972408	1548435972422	KO	status.find.in(200,201,202,203,204,205,206,207,208,209,304), found 400
REQUEST	5		request_2	1548435972474	1548435972504	KO	status.find.in(200,201,202,203,204,205,206,207,208,209,304), found 400
REQUEST	10		request_2	1548435972611	1548435972647	KO	status.find.in(200,201,202,203,204,205,206,207,208,209,304), found 400
REQUEST	8		request_2	1548435972614	1548435972647	KO	status.find.in(200,201,202,203,204,205,206,207,208,209,304), found 400
REQUEST	7		request_2	1548435972614	1548435972646	KO	status.find.in(200,201,202,203,204,205,206,207,208,209,304), found 400
REQUEST	2		request_2	1548435972643	1548435972661	KO	status.find.in(200,201,202,203,204,205,206,207,208,209,304), found 400
USER	BasicSimulation	9	END	1548435967206	1548435977411
USER	BasicSimulation	4	END	1548435967198	1548435977439
USER	BasicSimulation	5	END	1548435967200	1548435977517
USER	BasicSimulation	10	END	1548435967208	1548435977643
USER	BasicSimulation	8	END	1548435967205	1548435977657
USER	BasicSimulation	7	END	1548435967203	1548435977673
USER	BasicSimulation	2	END	1548435967196	1548435977673
REQUEST	1		request_1	1548435967192	1548435997248	KO	status.find.in(200,201,202,203,204,205,206,207,208,209,304), found 500
REQUEST	6		request_1	1548435967202	1548435997259	KO	status.find.in(200,201,202,203,204,205,206,207,208,209,304), found 500
REQUEST	3		request_1	1548435967198	1548435997294	KO	status.find.in(200,201,202,203,204,205,206,207,208,209,304), found 500
REQUEST	1		request_2	1548436002254	1548436002283	KO	status.find.in(200,201,202,203,204,205,206,207,208,209,304), found 400
REQUEST	6		request_2	1548436002283	1548436002298	KO	status.find.in(200,201,202,203,204,205,206,207,208,209,304), found 400
REQUEST	3		request_2	1548436002314	1548436002328	KO	status.find.in(200,201,202,203,204,205,206,207,208,209,304), found 400
USER	BasicSimulation	1	END	1548435967162	1548436007314
USER	BasicSimulation	3	END	1548435967197	1548436007314
USER	BasicSimulation	6	END	1548435967202	1548436007315
