RUN	de.qaware.cloud.nativ.zwitscher.gatling.BasicSimulation	basicsimulation	1548435806138	 	3.0.3
USER	BasicSimulation	1	START	1548435807598	1548435807598
USER	BasicSimulation	2	START	1548435807635	1548435807635
USER	BasicSimulation	3	START	1548435807636	1548435807636
USER	BasicSimulation	4	START	1548435807637	1548435807637
USER	BasicSimulation	5	START	1548435807638	1548435807638
USER	BasicSimulation	6	START	1548435807640	1548435807640
USER	BasicSimulation	7	START	1548435807641	1548435807641
USER	BasicSimulation	8	START	1548435807642	1548435807642
USER	BasicSimulation	9	START	1548435807643	1548435807643
USER	BasicSimulation	10	START	1548435807645	1548435807645
REQUEST	2		request_1	1548435807635	1548435807910	OK	 
REQUEST	3		request_1	1548435807637	1548435807905	OK	 
REQUEST	6		request_1	1548435807640	1548435807882	OK	 
REQUEST	1		request_1	1548435807631	1548435807926	OK	 
REQUEST	8		request_1	1548435807643	1548435807936	OK	 
REQUEST	7		request_1	1548435807642	1548435807948	OK	 
REQUEST	4		request_1	1548435807638	1548435807948	OK	 
REQUEST	9		request_1	1548435807644	1548435807963	OK	 
REQUEST	10		request_1	1548435807647	1548435807968	OK	 
REQUEST	7		request_2	1548435812978	1548435813098	KO	status.find.in(200,201,202,203,204,205,206,207,208,209,304), found 400
REQUEST	3		request_2	1548435812931	1548435813098	KO	status.find.in(200,201,202,203,204,205,206,207,208,209,304), found 400
REQUEST	6		request_2	1548435812916	1548435813098	KO	status.find.in(200,201,202,203,204,205,206,207,208,209,304), found 400
REQUEST	2		request_2	1548435812947	1548435813098	KO	status.find.in(200,201,202,203,204,205,206,207,208,209,304), found 400
REQUEST	1		request_2	1548435812947	1548435813106	KO	status.find.in(200,201,202,203,204,205,206,207,208,209,304), found 400
REQUEST	10		request_2	1548435812978	1548435813113	KO	status.find.in(200,201,202,203,204,205,206,207,208,209,304), found 400
REQUEST	4		request_2	1548435812978	1548435813114	KO	status.find.in(200,201,202,203,204,205,206,207,208,209,304), found 400
REQUEST	8		request_2	1548435812948	1548435813116	KO	status.find.in(200,201,202,203,204,205,206,207,208,209,304), found 400
REQUEST	9		request_2	1548435812978	1548435813119	KO	status.find.in(200,201,202,203,204,205,206,207,208,209,304), found 400
USER	BasicSimulation	2	END	1548435807635	1548435818091
USER	BasicSimulation	6	END	1548435807640	1548435818103
USER	BasicSimulation	4	END	1548435807637	1548435818103
USER	BasicSimulation	7	END	1548435807641	1548435818103
USER	BasicSimulation	3	END	1548435807636	1548435818108
USER	BasicSimulation	1	END	1548435807598	1548435818108
USER	BasicSimulation	10	END	1548435807645	1548435818119
USER	BasicSimulation	8	END	1548435807642	1548435818119
USER	BasicSimulation	9	END	1548435807643	1548435818134
REQUEST	5		request_1	1548435807639	1548435837784	KO	status.find.in(200,201,202,203,204,205,206,207,208,209,304), found 500
REQUEST	5		request_2	1548435842807	1548435842839	KO	status.find.in(200,201,202,203,204,205,206,207,208,209,304), found 400
USER	BasicSimulation	5	END	1548435807638	1548435847838
